wandb: Currently logged in as: jariysser (AtlasVision_CC) to https://api.wandb.ai. Use `wandb login --relogin` to force relogin
wandb: setting up run 4lt3308o
wandb: Tracking run with wandb version 0.23.1
wandb: Run data is saved locally in /srv/lustre01/project/recsys-y8xnv0gztug/users/yasser.eljarida/code/MY_ECG/LeJEPA-ECG/wandb/run-20251204_104021-4lt3308o
wandb: Run `wandb offline` to turn off syncing.
wandb: Syncing run run_20251204_104018
wandb: ⭐️ View project at https://wandb.ai/AtlasVision_CC/LeJEPA-ECG
wandb: 🚀 View run at https://wandb.ai/AtlasVision_CC/LeJEPA-ECG/runs/4lt3308o
Traceback (most recent call last):
  File "/srv/lustre01/project/recsys-y8xnv0gztug/users/yasser.eljarida/code/MY_ECG/LeJEPA-ECG/pretrain.py", line 447, in <module>
    main()
  File "/srv/lustre01/project/recsys-y8xnv0gztug/users/yasser.eljarida/code/MY_ECG/LeJEPA-ECG/pretrain.py", line 323, in main
    emb, proj = model(views)
                ^^^^^^^^^^^^
  File "/home/yasser.eljarida/lustre/recsys-y8xnv0gztug/users/yasser.eljarida/.conda/conda_envs/jepa-ecg/lib/python3.11/site-packages/torch/nn/modules/module.py", line 1751, in _wrapped_call_impl
    return self._call_impl(*args, **kwargs)
           ^^^^^^^^^^^^^^^^^^^^^^^^^^^^^^^^
  File "/home/yasser.eljarida/lustre/recsys-y8xnv0gztug/users/yasser.eljarida/.conda/conda_envs/jepa-ecg/lib/python3.11/site-packages/torch/nn/modules/module.py", line 1762, in _call_impl
    return forward_call(*args, **kwargs)
           ^^^^^^^^^^^^^^^^^^^^^^^^^^^^^
  File "/srv/lustre01/project/recsys-y8xnv0gztug/users/yasser.eljarida/code/MY_ECG/LeJEPA-ECG/models/lejepa.py", line 97, in forward
    tokens = self.encoder(x)  # (B*V, num_patches, dim)
             ^^^^^^^^^^^^^^^
  File "/home/yasser.eljarida/lustre/recsys-y8xnv0gztug/users/yasser.eljarida/.conda/conda_envs/jepa-ecg/lib/python3.11/site-packages/torch/nn/modules/module.py", line 1751, in _wrapped_call_impl
    return self._call_impl(*args, **kwargs)
           ^^^^^^^^^^^^^^^^^^^^^^^^^^^^^^^^
  File "/home/yasser.eljarida/lustre/recsys-y8xnv0gztug/users/yasser.eljarida/.conda/conda_envs/jepa-ecg/lib/python3.11/site-packages/torch/nn/modules/module.py", line 1762, in _call_impl
    return forward_call(*args, **kwargs)
           ^^^^^^^^^^^^^^^^^^^^^^^^^^^^^
  File "/srv/lustre01/project/recsys-y8xnv0gztug/users/yasser.eljarida/code/MY_ECG/LeJEPA-ECG/models/vit.py", line 94, in forward
    x = block(x)
        ^^^^^^^^
  File "/home/yasser.eljarida/lustre/recsys-y8xnv0gztug/users/yasser.eljarida/.conda/conda_envs/jepa-ecg/lib/python3.11/site-packages/torch/nn/modules/module.py", line 1751, in _wrapped_call_impl
    return self._call_impl(*args, **kwargs)
           ^^^^^^^^^^^^^^^^^^^^^^^^^^^^^^^^
  File "/home/yasser.eljarida/lustre/recsys-y8xnv0gztug/users/yasser.eljarida/.conda/conda_envs/jepa-ecg/lib/python3.11/site-packages/torch/nn/modules/module.py", line 1762, in _call_impl
    return forward_call(*args, **kwargs)
           ^^^^^^^^^^^^^^^^^^^^^^^^^^^^^
  File "/srv/lustre01/project/recsys-y8xnv0gztug/users/yasser.eljarida/code/MY_ECG/LeJEPA-ECG/models/modules.py", line 41, in forward
    x = x + self.attn_ls(self.attn(self.norm1(x)))
                         ^^^^^^^^^^^^^^^^^^^^^^^^
  File "/home/yasser.eljarida/lustre/recsys-y8xnv0gztug/users/yasser.eljarida/.conda/conda_envs/jepa-ecg/lib/python3.11/site-packages/torch/nn/modules/module.py", line 1751, in _wrapped_call_impl
    return self._call_impl(*args, **kwargs)
           ^^^^^^^^^^^^^^^^^^^^^^^^^^^^^^^^
  File "/home/yasser.eljarida/lustre/recsys-y8xnv0gztug/users/yasser.eljarida/.conda/conda_envs/jepa-ecg/lib/python3.11/site-packages/torch/nn/modules/module.py", line 1762, in _call_impl
    return forward_call(*args, **kwargs)
           ^^^^^^^^^^^^^^^^^^^^^^^^^^^^^
  File "/srv/lustre01/project/recsys-y8xnv0gztug/users/yasser.eljarida/code/MY_ECG/LeJEPA-ECG/models/modules.py", line 73, in forward
    qkv = self.qkv(x).reshape(B, N, 3, self.num_heads, C // self.num_heads).permute(2, 0, 3, 1, 4)
          ^^^^^^^^^^^
  File "/home/yasser.eljarida/lustre/recsys-y8xnv0gztug/users/yasser.eljarida/.conda/conda_envs/jepa-ecg/lib/python3.11/site-packages/torch/nn/modules/module.py", line 1751, in _wrapped_call_impl
    return self._call_impl(*args, **kwargs)
           ^^^^^^^^^^^^^^^^^^^^^^^^^^^^^^^^
  File "/home/yasser.eljarida/lustre/recsys-y8xnv0gztug/users/yasser.eljarida/.conda/conda_envs/jepa-ecg/lib/python3.11/site-packages/torch/nn/modules/module.py", line 1762, in _call_impl
    return forward_call(*args, **kwargs)
           ^^^^^^^^^^^^^^^^^^^^^^^^^^^^^
  File "/home/yasser.eljarida/lustre/recsys-y8xnv0gztug/users/yasser.eljarida/.conda/conda_envs/jepa-ecg/lib/python3.11/site-packages/torch/nn/modules/linear.py", line 125, in forward
    return F.linear(input, self.weight, self.bias)
           ^^^^^^^^^^^^^^^^^^^^^^^^^^^^^^^^^^^^^^^
torch.OutOfMemoryError: CUDA out of memory. Tried to allocate 604.00 MiB. GPU 0 has a total capacity of 79.25 GiB of which 87.69 MiB is free. Including non-PyTorch memory, this process has 79.15 GiB memory in use. Of the allocated memory 78.29 GiB is allocated by PyTorch, and 375.02 MiB is reserved by PyTorch but unallocated. If reserved but unallocated memory is large try setting PYTORCH_CUDA_ALLOC_CONF=expandable_segments:True to avoid fragmentation.  See documentation for Memory Management  (https://pytorch.org/docs/stable/notes/cuda.html#environment-variables)
