=== GPU Information ===
Thu Dec  4 10:39:19 2025       
+-----------------------------------------------------------------------------------------+
| NVIDIA-SMI 570.195.03             Driver Version: 570.195.03     CUDA Version: 12.8     |
|-----------------------------------------+------------------------+----------------------+
| GPU  Name                 Persistence-M | Bus-Id          Disp.A | Volatile Uncorr. ECC |
| Fan  Temp   Perf          Pwr:Usage/Cap |           Memory-Usage | GPU-Util  Compute M. |
|                                         |                        |               MIG M. |
|=========================================+========================+======================|
|   0  NVIDIA A100-SXM4-80GB          On  |   00000000:C1:00.0 Off |                    0 |
| N/A   25C    P0             56W /  500W |       0MiB /  81920MiB |      0%      Default |
|                                         |                        |             Disabled |
+-----------------------------------------+------------------------+----------------------+
                                                                                         
+-----------------------------------------------------------------------------------------+
| Processes:                                                                              |
|  GPU   GI   CI              PID   Type   Process name                        GPU Memory |
|        ID   ID                                                               Usage      |
|=========================================================================================|
|  No running processes found                                                             |
+-----------------------------------------------------------------------------------------+
========================
[2025-12-04 10:40:18,641] DEBUG pretrain:143 => Using cuda accelerator and 32 CPUs
[2025-12-04 10:40:18,642] DEBUG pretrain:149 => TF32 tensor cores enabled
[2025-12-04 10:40:18,642] DEBUG pretrain:155 => Using bfloat16 with AMP
[2025-12-04 10:40:18,725] DEBUG pretrain:160 => Config:
{'amplitude_scale': [0.8, 1.2],
 'attn_dropout': 0.0,
 'batch_size': 1024,
 'bias': True,
 'channel_size': 5000,
 'channels': ['I', 'II', 'III', 'AVR', 'AVL', 'AVF', 'V1', 'V2', 'V3', 'V4', 'V5', 'V6'],
 'checkpoint_interval': 10000,
 'crop_scale': [0.5, 1.0],
 'datasets': {'mimic-iv-ecg': 1.0},
 'depth': 8,
 'dim': 384,
 'dropout': 0.0,
 'final_learning_rate': 1e-06,
 'gradient_accumulation_steps': 1,
 'gradient_clip': 1.0,
 'lambda': 0.02,
 'layer_scale_eps': 0.0,
 'learning_rate': 0.001,
 'learning_rate_warmup_steps': 5000,
 'mlp_ratio': 4.0,
 'noise_std': 0.05,
 'norm_eps': 1e-06,
 'num_heads': 6,
 'num_registers': 1,
 'num_slices': 1024,
 'num_views': 4,
 'opt_betas': [0.9, 0.999],
 'opt_eps': 1e-08,
 'patch_size': 25,
 'proj_dim': 128,
 'proj_hidden_dim': 2048,
 'qkv_bias': False,
 'sampling_frequency': 500,
 'steps': 100000,
 'wandb_log_interval': 10,
 'wandb_project': 'LeJEPA-ECG',
 'wandb_viz_interval': 1000,
 'weight_decay': 0.05}
[2025-12-04 10:40:27,506] INFO pretrain:179 => Wandb initialized: LeJEPA-ECG/run_20251204_104018
[2025-12-04 10:40:27,507] DEBUG pretrain:196 => Loading mimic-iv-ecg from ../dataset/mimic-ecg.npy
[2025-12-04 10:43:42,780] DEBUG pretrain:215 => 90.05GB memory used
[2025-12-04 10:43:44,212] INFO pretrain:264 => Model parameters: 19.56M
[2025-12-04 10:44:08,343] INFO pretrain:297 => Starting LeJEPA pretraining for 100000 steps
[2025-12-04 10:44:08,343] INFO pretrain:298 => λ=0.02, num_views=4, proj_dim=128
[1;34mwandb[0m: 
[1;34mwandb[0m: 🚀 View run [33mrun_20251204_104018[0m at: [34m[0m
[1;34mwandb[0m: Find logs at: [1;35m../../../../../../../../../srv/lustre01/project/recsys-y8xnv0gztug/users/yasser.eljarida/code/MY_ECG/LeJEPA-ECG/wandb/run-20251204_104021-4lt3308o/logs[0m
