=== GPU Information ===
Sun Dec  7 07:08:05 2025       
+-----------------------------------------------------------------------------------------+
| NVIDIA-SMI 570.195.03             Driver Version: 570.195.03     CUDA Version: 12.8     |
|-----------------------------------------+------------------------+----------------------+
| GPU  Name                 Persistence-M | Bus-Id          Disp.A | Volatile Uncorr. ECC |
| Fan  Temp   Perf          Pwr:Usage/Cap |           Memory-Usage | GPU-Util  Compute M. |
|                                         |                        |               MIG M. |
|=========================================+========================+======================|
|   0  NVIDIA A100-SXM4-80GB          On  |   00000000:C1:00.0 Off |                    0 |
| N/A   25C    P0             57W /  500W |       0MiB /  81920MiB |      0%      Default |
|                                         |                        |             Disabled |
+-----------------------------------------+------------------------+----------------------+
                                                                                         
+-----------------------------------------------------------------------------------------+
| Processes:                                                                              |
|  GPU   GI   CI              PID   Type   Process name                        GPU Memory |
|        ID   ID                                                               Usage      |
|=========================================================================================|
|  No running processes found                                                             |
+-----------------------------------------------------------------------------------------+
========================
[2025-12-07 07:09:10,281] DEBUG pretrain:150 => Using cuda accelerator and 32 CPUs
[2025-12-07 07:09:10,282] DEBUG pretrain:156 => TF32 tensor cores enabled
[2025-12-07 07:09:10,282] DEBUG pretrain:162 => Using bfloat16 with AMP
[2025-12-07 07:09:10,395] DEBUG pretrain:167 => Config:
{'amplitude_scale': [0.8, 1.2],
 'attn_dropout': 0.0,
 'batch_size': 700,
 'bias': True,
 'channel_size': 5000,
 'channels': ['I', 'II', 'III', 'AVR', 'AVL', 'AVF', 'V1', 'V2', 'V3', 'V4', 'V5', 'V6'],
 'checkpoint_interval': 5000,
 'crop_scale': [0.5, 1.0],
 'datasets': {'mimic-iv-ecg': 1.0},
 'depth': 8,
 'dim': 384,
 'dropout': 0.0,
 'final_learning_rate': 1e-06,
 'gradient_accumulation_steps': 2,
 'gradient_clip': 1.0,
 'lambda': 0.02,
 'layer_scale_eps': 0.0,
 'learning_rate': 0.001,
 'learning_rate_warmup_steps': 5000,
 'mlp_ratio': 4.0,
 'noise_std': 0.05,
 'norm_eps': 1e-06,
 'num_heads': 6,
 'num_registers': 1,
 'num_slices': 1024,
 'num_views': 4,
 'opt_betas': [0.9, 0.999],
 'opt_eps': 1e-08,
 'patch_size': 25,
 'proj_dim': 128,
 'proj_hidden_dim': 2048,
 'qkv_bias': False,
 'sampling_frequency': 500,
 'steps': 100000,
 'wandb_log_interval': 10,
 'wandb_project': 'LeJEPA-ECG',
 'wandb_viz_interval': 1000,
 'weight_decay': 0.05}
[2025-12-07 07:09:19,466] INFO pretrain:186 => Wandb initialized: LeJEPA-ECG/Resume_from_30k
[2025-12-07 07:09:19,467] DEBUG pretrain:203 => Loading mimic-iv-ecg from ../dataset/mimic-ecg.npy
[2025-12-07 07:13:00,563] DEBUG pretrain:222 => 90.11GB memory used
[2025-12-07 07:13:02,037] INFO pretrain:271 => Model parameters: 19.56M
[2025-12-07 07:13:28,439] INFO pretrain:292 => Resuming from checkpoint: checkpoints/chkpt_30000.pt
[2025-12-07 07:13:29,049] INFO pretrain:299 => Resumed from step 30000, best_loss=None
[2025-12-07 07:13:29,057] INFO pretrain:325 => Starting LeJEPA pretraining for 70000 steps (from 30000 to 100000)
[2025-12-07 07:13:29,058] INFO pretrain:326 => λ=0.02, num_views=4, proj_dim=128
[2025-12-07 07:19:27,816] INFO pretrain:421 => [030100] time=3.587s loss=0.0592 inv=0.0005 sigreg=2.93 lr=8.38e-04 gpu=67.0GB (peak)
[2025-12-07 07:25:24,984] INFO pretrain:421 => [030200] time=3.572s loss=0.0582 inv=0.0006 sigreg=2.88 lr=8.36e-04 gpu=67.0GB (peak)
[2025-12-07 07:31:21,578] INFO pretrain:421 => [030300] time=3.566s loss=0.0570 inv=0.0006 sigreg=2.82 lr=8.35e-04 gpu=67.0GB (peak)
[2025-12-07 07:37:20,331] INFO pretrain:421 => [030400] time=3.587s loss=0.0563 inv=0.0006 sigreg=2.79 lr=8.34e-04 gpu=67.0GB (peak)
[2025-12-07 07:43:20,695] INFO pretrain:421 => [030500] time=3.603s loss=0.0561 inv=0.0006 sigreg=2.77 lr=8.33e-04 gpu=67.0GB (peak)
[2025-12-07 07:49:19,461] INFO pretrain:421 => [030600] time=3.587s loss=0.0556 inv=0.0006 sigreg=2.75 lr=8.31e-04 gpu=67.0GB (peak)
[2025-12-07 07:55:18,257] INFO pretrain:421 => [030700] time=3.588s loss=0.0552 inv=0.0006 sigreg=2.73 lr=8.30e-04 gpu=67.0GB (peak)
[2025-12-07 08:01:15,994] INFO pretrain:421 => [030800] time=3.577s loss=0.0549 inv=0.0006 sigreg=2.72 lr=8.29e-04 gpu=67.0GB (peak)
[2025-12-07 08:07:15,955] INFO pretrain:421 => [030900] time=3.599s loss=0.0548 inv=0.0006 sigreg=2.71 lr=8.28e-04 gpu=67.0GB (peak)
[2025-12-07 08:13:21,174] INFO pretrain:421 => [031000] time=3.592s loss=0.0548 inv=0.0006 sigreg=2.71 lr=8.26e-04 gpu=67.0GB (peak)
[2025-12-07 08:19:17,629] INFO pretrain:421 => [031100] time=3.564s loss=0.0545 inv=0.0006 sigreg=2.69 lr=8.25e-04 gpu=67.0GB (peak)
[2025-12-07 08:25:17,819] INFO pretrain:421 => [031200] time=3.602s loss=0.0545 inv=0.0006 sigreg=2.70 lr=8.24e-04 gpu=67.0GB (peak)
[2025-12-07 08:31:16,566] INFO pretrain:421 => [031300] time=3.587s loss=0.0544 inv=0.0006 sigreg=2.69 lr=8.23e-04 gpu=67.0GB (peak)
[2025-12-07 08:37:16,178] INFO pretrain:421 => [031400] time=3.596s loss=0.0543 inv=0.0006 sigreg=2.69 lr=8.21e-04 gpu=67.0GB (peak)
[2025-12-07 08:43:15,412] INFO pretrain:421 => [031500] time=3.592s loss=0.0542 inv=0.0006 sigreg=2.68 lr=8.20e-04 gpu=67.0GB (peak)
[2025-12-07 08:49:16,018] INFO pretrain:421 => [031600] time=3.606s loss=0.0541 inv=0.0006 sigreg=2.68 lr=8.19e-04 gpu=67.0GB (peak)
[2025-12-07 08:55:16,191] INFO pretrain:421 => [031700] time=3.602s loss=0.0540 inv=0.0006 sigreg=2.67 lr=8.18e-04 gpu=67.0GB (peak)
[2025-12-07 09:01:17,837] INFO pretrain:421 => [031800] time=3.616s loss=0.0538 inv=0.0006 sigreg=2.66 lr=8.16e-04 gpu=67.0GB (peak)
[2025-12-07 09:07:18,835] INFO pretrain:421 => [031900] time=3.610s loss=0.0540 inv=0.0005 sigreg=2.67 lr=8.15e-04 gpu=67.0GB (peak)
[2025-12-07 09:13:17,525] INFO pretrain:421 => [032000] time=3.583s loss=0.0538 inv=0.0006 sigreg=2.66 lr=8.14e-04 gpu=67.0GB (peak)
[2025-12-07 09:19:16,352] INFO pretrain:421 => [032100] time=3.587s loss=0.0541 inv=0.0006 sigreg=2.67 lr=8.12e-04 gpu=67.0GB (peak)
[2025-12-07 09:25:15,689] INFO pretrain:421 => [032200] time=3.593s loss=0.0539 inv=0.0006 sigreg=2.67 lr=8.11e-04 gpu=67.0GB (peak)
[2025-12-07 09:31:14,671] INFO pretrain:421 => [032300] time=3.590s loss=0.0536 inv=0.0006 sigreg=2.65 lr=8.10e-04 gpu=67.0GB (peak)
[2025-12-07 09:37:14,802] INFO pretrain:421 => [032400] time=3.601s loss=0.0535 inv=0.0006 sigreg=2.65 lr=8.09e-04 gpu=67.0GB (peak)
[2025-12-07 09:43:15,361] INFO pretrain:421 => [032500] time=3.605s loss=0.0536 inv=0.0006 sigreg=2.65 lr=8.07e-04 gpu=67.0GB (peak)
[2025-12-07 09:49:15,165] INFO pretrain:421 => [032600] time=3.598s loss=0.0538 inv=0.0006 sigreg=2.66 lr=8.06e-04 gpu=67.0GB (peak)
[2025-12-07 09:55:15,730] INFO pretrain:421 => [032700] time=3.605s loss=0.0537 inv=0.0006 sigreg=2.66 lr=8.05e-04 gpu=67.0GB (peak)
[2025-12-07 10:01:15,715] INFO pretrain:421 => [032800] time=3.600s loss=0.0534 inv=0.0006 sigreg=2.64 lr=8.03e-04 gpu=67.0GB (peak)
[2025-12-07 10:07:16,394] INFO pretrain:421 => [032900] time=3.607s loss=0.0534 inv=0.0006 sigreg=2.64 lr=8.02e-04 gpu=67.0GB (peak)
[2025-12-07 10:13:15,797] INFO pretrain:421 => [033000] time=3.588s loss=0.0534 inv=0.0006 sigreg=2.64 lr=8.01e-04 gpu=67.0GB (peak)
[2025-12-07 10:19:14,767] INFO pretrain:421 => [033100] time=3.589s loss=0.0534 inv=0.0006 sigreg=2.64 lr=7.99e-04 gpu=67.0GB (peak)
[2025-12-07 10:25:15,778] INFO pretrain:421 => [033200] time=3.610s loss=0.0534 inv=0.0006 sigreg=2.64 lr=7.98e-04 gpu=67.0GB (peak)
[2025-12-07 10:31:14,563] INFO pretrain:421 => [033300] time=3.587s loss=0.0535 inv=0.0006 sigreg=2.65 lr=7.97e-04 gpu=67.0GB (peak)
[2025-12-07 10:37:13,256] INFO pretrain:421 => [033400] time=3.587s loss=0.0534 inv=0.0006 sigreg=2.64 lr=7.95e-04 gpu=67.0GB (peak)
[2025-12-07 10:43:13,333] INFO pretrain:421 => [033500] time=3.601s loss=0.0533 inv=0.0006 sigreg=2.64 lr=7.94e-04 gpu=67.0GB (peak)
[2025-12-07 10:49:12,095] INFO pretrain:421 => [033600] time=3.587s loss=0.0534 inv=0.0006 sigreg=2.64 lr=7.93e-04 gpu=67.0GB (peak)
[2025-12-07 10:55:10,772] INFO pretrain:421 => [033700] time=3.587s loss=0.0533 inv=0.0006 sigreg=2.64 lr=7.91e-04 gpu=67.0GB (peak)
[2025-12-07 11:01:09,961] INFO pretrain:421 => [033800] time=3.592s loss=0.0534 inv=0.0006 sigreg=2.64 lr=7.90e-04 gpu=67.0GB (peak)
[2025-12-07 11:07:09,106] INFO pretrain:421 => [033900] time=3.591s loss=0.0535 inv=0.0006 sigreg=2.65 lr=7.89e-04 gpu=67.0GB (peak)
[2025-12-07 11:13:08,173] INFO pretrain:421 => [034000] time=3.586s loss=0.0535 inv=0.0006 sigreg=2.65 lr=7.87e-04 gpu=67.0GB (peak)
[2025-12-07 11:19:06,277] INFO pretrain:421 => [034100] time=3.581s loss=0.0532 inv=0.0006 sigreg=2.63 lr=7.86e-04 gpu=67.0GB (peak)
[2025-12-07 11:25:05,301] INFO pretrain:421 => [034200] time=3.590s loss=0.0532 inv=0.0005 sigreg=2.63 lr=7.85e-04 gpu=67.0GB (peak)
[2025-12-07 11:31:04,320] INFO pretrain:421 => [034300] time=3.590s loss=0.0531 inv=0.0006 sigreg=2.63 lr=7.83e-04 gpu=67.0GB (peak)
[2025-12-07 11:37:02,477] INFO pretrain:421 => [034400] time=3.581s loss=0.0530 inv=0.0006 sigreg=2.63 lr=7.82e-04 gpu=67.0GB (peak)
[2025-12-07 11:42:59,998] INFO pretrain:421 => [034500] time=3.575s loss=0.0533 inv=0.0005 sigreg=2.64 lr=7.81e-04 gpu=67.0GB (peak)
[2025-12-07 11:48:58,711] INFO pretrain:421 => [034600] time=3.587s loss=0.0529 inv=0.0005 sigreg=2.62 lr=7.79e-04 gpu=67.0GB (peak)
[2025-12-07 11:54:58,253] INFO pretrain:421 => [034700] time=3.595s loss=0.0531 inv=0.0006 sigreg=2.63 lr=7.78e-04 gpu=67.0GB (peak)
[2025-12-07 12:00:57,037] INFO pretrain:421 => [034800] time=3.588s loss=0.0531 inv=0.0005 sigreg=2.63 lr=7.76e-04 gpu=67.0GB (peak)
[2025-12-07 12:06:56,037] INFO pretrain:421 => [034900] time=3.590s loss=0.0528 inv=0.0005 sigreg=2.61 lr=7.75e-04 gpu=67.0GB (peak)
[2025-12-07 12:12:54,932] INFO pretrain:421 => [035000] time=3.583s loss=0.0529 inv=0.0005 sigreg=2.62 lr=7.74e-04 gpu=67.0GB (peak)
[1;34mwandb[0m: 
[1;34mwandb[0m: 🚀 View run [33mResume_from_30k[0m at: [34m[0m
[1;34mwandb[0m: Find logs at: [1;35m../../../../../../../../../srv/lustre01/project/recsys-y8xnv0gztug/users/yasser.eljarida/code/MY_ECG/LeJEPA-ECG/wandb/run-20251207_070913-9u2brjge/logs[0m
